[2017-01-04 16:46:37.614] [ERROR] app - Something went wrong: { status: 404 }
[2017-01-04 16:46:37.625] [ERROR] http - ::1 - - "GET / HTTP/1.1" 404 46 "" "Mozilla/5.0 (Macintosh; Intel Mac OS X 10_12_1) AppleWebKit/537.36 (KHTML, like Gecko) Chrome/55.0.2883.95 Safari/537.36"
[2017-01-04 17:31:13.098] [ERROR] app - Something went wrong: { isJoi: true,
  name: 'ValidationError',
  details: 
   [ { message: '"email" is required',
       path: 'email',
       type: 'any.required',
       context: [Object] } ],
  _object: 
   { id: '5a505dd0df32b0dfb99b65b24f4078c9',
     imp: [ [Object], [Object] ],
     site: 
      { id: '89648',
        name: 'keepin',
        domain: 'keepin.tv',
        publisher: [Object] },
     device: 
      { ua: 'Mozilla/5.0 (Macintosh; Intel Mac OS X 10_12_1) AppleWebKit/537.36 (KHTML, like Gecko) Chrome/55.0.2883.95 Safari/537.36',
        ip: '52.66.158.121' },
     at: 2,
     cur: [ 'USD' ] } }
[2017-01-04 17:31:13.108] [ERROR] http - ::1 - - "POST /login HTTP/1.1" 500 742 "" "Mozilla/5.0 (Macintosh; Intel Mac OS X 10_12_1) AppleWebKit/537.36 (KHTML, like Gecko) Chrome/55.0.2883.95 Safari/537.36"
[2017-01-04 17:31:49.540] [ERROR] app - Something went wrong: { isJoi: true,
  name: 'ValidationError',
  details: 
   [ { message: '"email" is required',
       path: 'email',
       type: 'any.required',
       context: [Object] } ],
  _object: {} }
[2017-01-04 17:31:49.544] [ERROR] http - ::1 - - "POST /login HTTP/1.1" 500 239 "" "Mozilla/5.0 (Macintosh; Intel Mac OS X 10_12_1) AppleWebKit/537.36 (KHTML, like Gecko) Chrome/55.0.2883.95 Safari/537.36"
[2017-01-04 17:34:11.011] [ERROR] app - Something went wrong: { isJoi: true,
  name: 'ValidationError',
  details: 
   [ { message: '"email" must be a valid email',
       path: 'email',
       type: 'string.email',
       context: [Object] } ],
  _object: { email: '111' } }
[2017-01-04 17:34:11.031] [ERROR] http - ::1 - - "POST /login HTTP/1.1" 500 286 "" "Mozilla/5.0 (Macintosh; Intel Mac OS X 10_12_1) AppleWebKit/537.36 (KHTML, like Gecko) Chrome/55.0.2883.95 Safari/537.36"
[2017-01-04 17:34:26.469] [ERROR] app - Something went wrong: { isJoi: true,
  name: 'ValidationError',
  details: 
   [ { message: '"pwd" is required',
       path: 'pwd',
       type: 'any.required',
       context: [Object] } ],
  _object: { email: '772063721@qq.com' } }
[2017-01-04 17:34:26.475] [ERROR] http - ::1 - - "POST /login HTTP/1.1" 500 255 "" "Mozilla/5.0 (Macintosh; Intel Mac OS X 10_12_1) AppleWebKit/537.36 (KHTML, like Gecko) Chrome/55.0.2883.95 Safari/537.36"
[2017-01-04 18:06:22.015] [ERROR] app - Something went wrong: { code: 'ER_PARSE_ERROR',
  errno: 1064,
  sqlState: '42000',
  index: 0 }
[2017-01-04 18:06:22.025] [ERROR] http - ::1 - - "POST /login HTTP/1.1" 500 259 "" "Mozilla/5.0 (Macintosh; Intel Mac OS X 10_12_1) AppleWebKit/537.36 (KHTML, like Gecko) Chrome/55.0.2883.95 Safari/537.36"
[2017-01-04 18:12:34.933] [ERROR] app - Something went wrong: { code: 'ER_PARSE_ERROR',
  errno: 1064,
  sqlState: '42000',
  index: 0 }
[2017-01-04 18:12:34.943] [ERROR] http - ::1 - - "POST /login HTTP/1.1" 500 259 "" "Mozilla/5.0 (Macintosh; Intel Mac OS X 10_12_1) AppleWebKit/537.36 (KHTML, like Gecko) Chrome/55.0.2883.95 Safari/537.36"
[2017-01-07 11:21:22.830] [ERROR] app - Something went wrong: ReferenceError: next is not defined
    at /Users/Aedan/work/node.js/AdClickTool/BackEnd-v2/routes/networktpl.js:15:14
    at Object._validateWithOptions (/Users/Aedan/work/node.js/AdClickTool/BackEnd-v2/node_modules/joi/lib/any.js:610:20)
    at Object.root.validate (/Users/Aedan/work/node.js/AdClickTool/BackEnd-v2/node_modules/joi/lib/index.js:121:23)
    at /Users/Aedan/work/node.js/AdClickTool/BackEnd-v2/routes/networktpl.js:13:7
    at Layer.handle [as handle_request] (/Users/Aedan/work/node.js/AdClickTool/BackEnd-v2/node_modules/express/lib/router/layer.js:95:5)
    at next (/Users/Aedan/work/node.js/AdClickTool/BackEnd-v2/node_modules/express/lib/router/route.js:131:13)
    at Route.dispatch (/Users/Aedan/work/node.js/AdClickTool/BackEnd-v2/node_modules/express/lib/router/route.js:112:3)
    at Layer.handle [as handle_request] (/Users/Aedan/work/node.js/AdClickTool/BackEnd-v2/node_modules/express/lib/router/layer.js:95:5)
    at /Users/Aedan/work/node.js/AdClickTool/BackEnd-v2/node_modules/express/lib/router/index.js:277:22
    at Function.process_params (/Users/Aedan/work/node.js/AdClickTool/BackEnd-v2/node_modules/express/lib/router/index.js:330:12)
[2017-01-07 11:21:22.846] [ERROR] http - ::1 - - "POST /affilate/tpl/add HTTP/1.1" 500 44 "" "Mozilla/5.0 (Macintosh; Intel Mac OS X 10_12_1) AppleWebKit/537.36 (KHTML, like Gecko) Chrome/55.0.2883.95 Safari/537.36"
[2017-01-07 11:21:42.474] [ERROR] app - Something went wrong: { isJoi: true,
  name: 'ValidationError',
  details: 
   [ { message: '"name" is required',
       path: 'name',
       type: 'any.required',
       context: [Object] } ],
  _object: { email: '772063721@qq.com', pwd: '1111' } }
[2017-01-07 11:21:42.488] [ERROR] http - ::1 - - "POST /affilate/tpl/add HTTP/1.1" 500 273 "" "Mozilla/5.0 (Macintosh; Intel Mac OS X 10_12_1) AppleWebKit/537.36 (KHTML, like Gecko) Chrome/55.0.2883.95 Safari/537.36"
[2017-01-07 11:22:58.382] [ERROR] app - Something went wrong: { code: 'ER_PARSE_ERROR',
  errno: 1064,
  sqlState: '42000',
  index: 0 }
[2017-01-07 11:22:58.385] [ERROR] http - ::1 - - "POST /affilate/tpl/add HTTP/1.1" 500 297 "" "Mozilla/5.0 (Macintosh; Intel Mac OS X 10_12_1) AppleWebKit/537.36 (KHTML, like Gecko) Chrome/55.0.2883.95 Safari/537.36"
[2017-01-07 11:23:50.745] [ERROR] app - Something went wrong: { code: 'ER_PARSE_ERROR',
  errno: 1064,
  sqlState: '42000',
  index: 0 }
[2017-01-07 11:23:50.754] [ERROR] http - ::1 - - "POST /affilate/tpl/add HTTP/1.1" 500 297 "" "Mozilla/5.0 (Macintosh; Intel Mac OS X 10_12_1) AppleWebKit/537.36 (KHTML, like Gecko) Chrome/55.0.2883.95 Safari/537.36"
[2017-01-07 11:25:03.185] [ERROR] app - Something went wrong: { code: 'ER_PARSE_ERROR',
  errno: 1064,
  sqlState: '42000',
  index: 0 }
[2017-01-07 11:25:03.195] [ERROR] http - ::1 - - "POST /affilate/tpl/add HTTP/1.1" 500 297 "" "Mozilla/5.0 (Macintosh; Intel Mac OS X 10_12_1) AppleWebKit/537.36 (KHTML, like Gecko) Chrome/55.0.2883.95 Safari/537.36"
[2017-01-07 11:36:51.203] [ERROR] app - Something went wrong: { code: 'ER_PARSE_ERROR',
  errno: 1064,
  sqlState: '42000',
  index: 0 }
[2017-01-07 11:36:51.215] [ERROR] http - ::1 - - "GET /affilate/tpl/list HTTP/1.1" 500 301 "" "Mozilla/5.0 (Macintosh; Intel Mac OS X 10_12_1) AppleWebKit/537.36 (KHTML, like Gecko) Chrome/55.0.2883.95 Safari/537.36"
[2017-01-07 11:37:17.457] [ERROR] app - Something went wrong: { code: 'ER_PARSE_ERROR',
  errno: 1064,
  sqlState: '42000',
  index: 0 }
[2017-01-07 11:37:17.468] [ERROR] http - ::1 - - "GET /affilate/tpl/list HTTP/1.1" 500 303 "" "Mozilla/5.0 (Macintosh; Intel Mac OS X 10_12_1) AppleWebKit/537.36 (KHTML, like Gecko) Chrome/55.0.2883.95 Safari/537.36"
[2017-01-07 12:35:08.571] [ERROR] app - Something went wrong: Error: need access_token
    at /Users/Aedan/work/node.js/AdClickTool/BackEnd-v2/util/index.js:23:12
    at Layer.handle [as handle_request] (/Users/Aedan/work/node.js/AdClickTool/BackEnd-v2/node_modules/express/lib/router/layer.js:95:5)
    at next (/Users/Aedan/work/node.js/AdClickTool/BackEnd-v2/node_modules/express/lib/router/route.js:131:13)
    at next (/Users/Aedan/work/node.js/AdClickTool/BackEnd-v2/node_modules/express/lib/router/route.js:125:14)
    at next (/Users/Aedan/work/node.js/AdClickTool/BackEnd-v2/node_modules/express/lib/router/route.js:125:14)
    at next (/Users/Aedan/work/node.js/AdClickTool/BackEnd-v2/node_modules/express/lib/router/route.js:125:14)
    at next (/Users/Aedan/work/node.js/AdClickTool/BackEnd-v2/node_modules/express/lib/router/route.js:125:14)
    at next (/Users/Aedan/work/node.js/AdClickTool/BackEnd-v2/node_modules/express/lib/router/route.js:125:14)
    at next (/Users/Aedan/work/node.js/AdClickTool/BackEnd-v2/node_modules/express/lib/router/route.js:125:14)
    at next (/Users/Aedan/work/node.js/AdClickTool/BackEnd-v2/node_modules/express/lib/router/route.js:125:14)
[2017-01-07 12:35:08.583] [ERROR] http - ::1 - - "POST /api/affilate/add HTTP/1.1" 500 42 "" "Mozilla/5.0 (Macintosh; Intel Mac OS X 10_12_1) AppleWebKit/537.36 (KHTML, like Gecko) Chrome/55.0.2883.95 Safari/537.36"
[2017-01-07 12:44:40.279] [ERROR] user - [register]error: { code: 'ER_DUP_ENTRY', errno: 1062, sqlState: '23000', index: 0 }
[2017-01-07 12:45:03.162] [ERROR] user - [register]error: { code: 'ER_DUP_ENTRY', errno: 1062, sqlState: '23000', index: 0 }
[2017-01-07 12:45:03.165] [ERROR] app - Something went wrong: { code: 'ER_DUP_ENTRY', errno: 1062, sqlState: '23000', index: 0 }
[2017-01-07 12:45:03.174] [ERROR] http - ::1 - - "POST /register HTTP/1.1" 500 137 "" "Mozilla/5.0 (Macintosh; Intel Mac OS X 10_12_1) AppleWebKit/537.36 (KHTML, like Gecko) Chrome/55.0.2883.95 Safari/537.36"
[2017-01-07 12:45:19.994] [ERROR] user - [register]error: { code: 'ER_DUP_ENTRY', errno: 1062, sqlState: '23000', index: 0 }
[2017-01-07 12:45:19.994] [ERROR] app - Something went wrong: { code: 'ER_DUP_ENTRY', errno: 1062, sqlState: '23000', index: 0 }
[2017-01-07 12:45:19.998] [ERROR] http - ::1 - - "POST /register HTTP/1.1" 500 137 "" "Mozilla/5.0 (Macintosh; Intel Mac OS X 10_12_1) AppleWebKit/537.36 (KHTML, like Gecko) Chrome/55.0.2883.95 Safari/537.36"
[2017-01-07 12:46:08.888] [ERROR] user - [register]error: { code: 'ER_DUP_ENTRY', errno: 1062, sqlState: '23000', index: 0 }
[2017-01-07 12:46:08.889] [ERROR] app - Something went wrong: { code: 'ER_DUP_ENTRY', errno: 1062, sqlState: '23000', index: 0 }
[2017-01-07 12:46:08.898] [ERROR] http - ::1 - - "POST /register HTTP/1.1" 500 152 "" "Mozilla/5.0 (Macintosh; Intel Mac OS X 10_12_1) AppleWebKit/537.36 (KHTML, like Gecko) Chrome/55.0.2883.95 Safari/537.36"
[2017-01-07 12:57:57.277] [ERROR] app - Something went wrong: { isJoi: true,
  name: 'ValidationError',
  details: 
   [ { message: '"firstname" is not allowed',
       path: 'firstname',
       type: 'object.allowUnknown',
       context: [Object] },
     { message: '"lastname" is not allowed',
       path: 'lastname',
       type: 'object.allowUnknown',
       context: [Object] },
     { message: '"password" is not allowed',
       path: 'password',
       type: 'object.allowUnknown',
       context: [Object] } ],
  _object: 
   { email: '772063721@qq.com',
     firstname: 'aedan',
     lastname: 'lee',
     password: '111111' } }
[2017-01-07 12:57:57.291] [ERROR] http - ::1 - - "POST /account/check HTTP/1.1" 500 671 "" "Mozilla/5.0 (Macintosh; Intel Mac OS X 10_12_1) AppleWebKit/537.36 (KHTML, like Gecko) Chrome/55.0.2883.95 Safari/537.36"
[2017-01-07 13:32:29.358] [ERROR] app - Something went wrong: { status: 404 }
[2017-01-07 13:32:29.381] [ERROR] http - ::1 - - "POST /api/affilate/add HTTP/1.1" 404 34 "" "Mozilla/5.0 (Macintosh; Intel Mac OS X 10_12_1) AppleWebKit/537.36 (KHTML, like Gecko) Chrome/55.0.2883.95 Safari/537.36"
[2017-01-07 13:34:39.587] [ERROR] app - Something went wrong: { code: 'ER_PARSE_ERROR',
  errno: 1064,
  sqlState: '42000',
  index: 0 }
[2017-01-07 13:34:39.597] [ERROR] http - ::1 - - "POST /api/affilate/add HTTP/1.1" 500 220 "" "Mozilla/5.0 (Macintosh; Intel Mac OS X 10_12_1) AppleWebKit/537.36 (KHTML, like Gecko) Chrome/55.0.2883.95 Safari/537.36"
[2017-01-07 13:39:12.829] [ERROR] app - Something went wrong: { code: 'ER_PARSE_ERROR',
  errno: 1064,
  sqlState: '42000',
  index: 0 }
[2017-01-07 13:39:12.838] [ERROR] http - ::1 - - "POST /api/affilate/add HTTP/1.1" 500 220 "" "Mozilla/5.0 (Macintosh; Intel Mac OS X 10_12_1) AppleWebKit/537.36 (KHTML, like Gecko) Chrome/55.0.2883.95 Safari/537.36"
[2017-01-07 13:39:41.928] [ERROR] app - Something went wrong: { code: 'ER_PARSE_ERROR',
  errno: 1064,
  sqlState: '42000',
  index: 0 }
[2017-01-07 13:39:41.937] [ERROR] http - ::1 - - "POST /api/affilate/add HTTP/1.1" 500 195 "" "Mozilla/5.0 (Macintosh; Intel Mac OS X 10_12_1) AppleWebKit/537.36 (KHTML, like Gecko) Chrome/55.0.2883.95 Safari/537.36"
[2017-01-07 14:42:04.651] [ERROR] app - Something went wrong: { isJoi: true,
  name: 'ValidationError',
  details: 
   [ { message: '"id" is required',
       path: 'id',
       type: 'any.required',
       context: [Object] } ],
  _object: { userId: 6 } }
[2017-01-07 14:42:04.674] [ERROR] http - ::1 - - "POST /api/affilate/edit HTTP/1.1" 500 72 "" "Mozilla/5.0 (Macintosh; Intel Mac OS X 10_12_1) AppleWebKit/537.36 (KHTML, like Gecko) Chrome/55.0.2883.95 Safari/537.36"
[2017-01-07 14:44:30.118] [ERROR] app - Something went wrong: { code: 'ER_PARSE_ERROR',
  errno: 1064,
  sqlState: '42000',
  index: 0 }
[2017-01-07 14:44:30.128] [ERROR] http - ::1 - - "POST /api/affilate/edit HTTP/1.1" 500 188 "" "Mozilla/5.0 (Macintosh; Intel Mac OS X 10_12_1) AppleWebKit/537.36 (KHTML, like Gecko) Chrome/55.0.2883.95 Safari/537.36"
[2017-01-07 14:45:11.251] [ERROR] app - Something went wrong: { code: 'ER_PARSE_ERROR',
  errno: 1064,
  sqlState: '42000',
  index: 0 }
[2017-01-07 14:45:11.261] [ERROR] http - ::1 - - "POST /api/affilate/edit HTTP/1.1" 500 188 "" "Mozilla/5.0 (Macintosh; Intel Mac OS X 10_12_1) AppleWebKit/537.36 (KHTML, like Gecko) Chrome/55.0.2883.95 Safari/537.36"
[2017-01-07 14:45:45.040] [ERROR] app - Something went wrong: { code: 'ER_PARSE_ERROR',
  errno: 1064,
  sqlState: '42000',
  index: 0 }
[2017-01-07 14:45:45.051] [ERROR] http - ::1 - - "POST /api/affilate/edit HTTP/1.1" 500 188 "" "Mozilla/5.0 (Macintosh; Intel Mac OS X 10_12_1) AppleWebKit/537.36 (KHTML, like Gecko) Chrome/55.0.2883.95 Safari/537.36"
[2017-01-07 14:46:35.864] [ERROR] app - Something went wrong: { code: 'ER_PARSE_ERROR',
  errno: 1064,
  sqlState: '42000',
  index: 0 }
[2017-01-07 14:46:35.879] [ERROR] http - ::1 - - "POST /api/affilate/edit HTTP/1.1" 500 187 "" "Mozilla/5.0 (Macintosh; Intel Mac OS X 10_12_1) AppleWebKit/537.36 (KHTML, like Gecko) Chrome/55.0.2883.95 Safari/537.36"
[2017-01-07 14:50:21.324] [ERROR] app - Something went wrong: { code: 'ER_BAD_FIELD_ERROR',
  errno: 1054,
  sqlState: '42S22',
  index: 0 }
[2017-01-07 14:50:21.334] [ERROR] http - ::1 - - "POST /api/affilate/edit HTTP/1.1" 500 87 "" "Mozilla/5.0 (Macintosh; Intel Mac OS X 10_12_1) AppleWebKit/537.36 (KHTML, like Gecko) Chrome/55.0.2883.95 Safari/537.36"
[2017-01-07 14:52:43.227] [ERROR] app - Something went wrong: { code: 'ER_BAD_FIELD_ERROR',
  errno: 1054,
  sqlState: '42S22',
  index: 0 }
[2017-01-07 14:52:43.235] [ERROR] http - ::1 - - "POST /api/affilate/edit HTTP/1.1" 500 87 "" "Mozilla/5.0 (Macintosh; Intel Mac OS X 10_12_1) AppleWebKit/537.36 (KHTML, like Gecko) Chrome/55.0.2883.95 Safari/537.36"
[2017-01-07 14:56:16.313] [ERROR] app - Something went wrong: { code: 'ER_PARSE_ERROR',
  errno: 1064,
  sqlState: '42000',
  index: 0 }
[2017-01-07 14:56:16.323] [ERROR] http - ::1 - - "POST /api/affilate/edit HTTP/1.1" 500 217 "" "Mozilla/5.0 (Macintosh; Intel Mac OS X 10_12_1) AppleWebKit/537.36 (KHTML, like Gecko) Chrome/55.0.2883.95 Safari/537.36"
[2017-01-07 15:00:52.454] [ERROR] app - Something went wrong: { isJoi: true,
  name: 'ValidationError',
  details: 
   [ { message: '"postbackUrl" is not allowed to be empty',
       path: 'postbackUrl',
       type: 'any.empty',
       context: [Object] } ],
  _object: 
   { id: 1,
     appendClickId: 0,
     name: '88uguewgew',
     postbackUrl: '',
     userId: 6 } }
[2017-01-07 15:00:52.472] [ERROR] http - ::1 - - "POST /api/affilate/edit HTTP/1.1" 500 105 "" "Mozilla/5.0 (Macintosh; Intel Mac OS X 10_12_1) AppleWebKit/537.36 (KHTML, like Gecko) Chrome/55.0.2883.95 Safari/537.36"
[2017-01-07 15:32:27.906] [ERROR] app - Something went wrong: { code: 'ER_BAD_FIELD_ERROR',
  errno: 1054,
  sqlState: '42S22',
  index: 0 }
[2017-01-07 15:32:27.914] [ERROR] http - ::1 - - "POST /api/offer/add HTTP/1.1" 500 84 "" "Mozilla/5.0 (Macintosh; Intel Mac OS X 10_12_1) AppleWebKit/537.36 (KHTML, like Gecko) Chrome/55.0.2883.95 Safari/537.36"
[2017-01-07 16:14:55.127] [ERROR] app - Something went wrong: { code: 'ER_PARSE_ERROR',
  errno: 1064,
  sqlState: '42000',
  index: 0 }
[2017-01-07 16:14:55.139] [ERROR] http - ::1 - - "GET /api/offer/list HTTP/1.1" 500 224 "" "Mozilla/5.0 (Macintosh; Intel Mac OS X 10_12_1) AppleWebKit/537.36 (KHTML, like Gecko) Chrome/55.0.2883.95 Safari/537.36"
[2017-01-07 21:59:19.965] [ERROR] app - Something went wrong: { isJoi: true,
  name: 'ValidationError',
  details: 
   [ { message: '"name" is not allowed',
       path: 'name',
       type: 'object.allowUnknown',
       context: [Object] },
     { message: '"url" is not allowed',
       path: 'url',
       type: 'object.allowUnknown',
       context: [Object] },
     { message: '"country" is not allowed',
       path: 'country',
       type: 'object.allowUnknown',
       context: [Object] },
     { message: '"postbackUrl" is not allowed',
       path: 'postbackUrl',
       type: 'object.allowUnknown',
       context: [Object] },
     { message: '"payoutMode" is not allowed',
       path: 'payoutMode',
       type: 'object.allowUnknown',
       context: [Object] },
     { message: '"AffiliateNetworkId" is not allowed',
       path: 'AffiliateNetworkId',
       type: 'object.allowUnknown',
       context: [Object] } ],
  _object: 
   { name: 'offer001',
     url: 'htdksds',
     country: 'us',
     postbackUrl: 'dsjdsj',
     payoutMode: 0,
     AffiliateNetworkId: 892,
     userId: 6 } }
[2017-01-07 21:59:19.977] [ERROR] http - ::1 - - "POST /api/flow/add HTTP/1.1" 500 202 "" "Mozilla/5.0 (Macintosh; Intel Mac OS X 10_12_1) AppleWebKit/537.36 (KHTML, like Gecko) Chrome/55.0.2883.95 Safari/537.36"
[2017-01-07 22:01:16.139] [ERROR] app - Something went wrong: { isJoi: true,
  name: 'ValidationError',
  details: 
   [ { message: '"name" is not allowed',
       path: 'name',
       type: 'object.allowUnknown',
       context: [Object] },
     { message: '"url" is not allowed',
       path: 'url',
       type: 'object.allowUnknown',
       context: [Object] },
     { message: '"country" is not allowed',
       path: 'country',
       type: 'object.allowUnknown',
       context: [Object] },
     { message: '"postbackUrl" is not allowed',
       path: 'postbackUrl',
       type: 'object.allowUnknown',
       context: [Object] },
     { message: '"payoutMode" is not allowed',
       path: 'payoutMode',
       type: 'object.allowUnknown',
       context: [Object] },
     { message: '"AffiliateNetworkId" is not allowed',
       path: 'AffiliateNetworkId',
       type: 'object.allowUnknown',
       context: [Object] } ],
  _object: 
   { name: 'offer001',
     url: 'htdksds',
     country: 'us',
     postbackUrl: 'dsjdsj',
     payoutMode: 0,
     AffiliateNetworkId: 892,
     userId: 6 } }
[2017-01-07 22:01:16.162] [ERROR] http - ::1 - - "POST /api/flow/add HTTP/1.1" 500 202 "" "Mozilla/5.0 (Macintosh; Intel Mac OS X 10_12_1) AppleWebKit/537.36 (KHTML, like Gecko) Chrome/55.0.2883.95 Safari/537.36"
[2017-01-07 23:24:26.913] [ERROR] app - Something went wrong: { status: 404 }
[2017-01-07 23:24:26.924] [ERROR] http - ::1 - - "POST /api/flow/list HTTP/1.1" 404 34 "" "Mozilla/5.0 (Macintosh; Intel Mac OS X 10_12_1) AppleWebKit/537.36 (KHTML, like Gecko) Chrome/55.0.2883.95 Safari/537.36"
[2017-01-07 23:24:41.357] [ERROR] app - Something went wrong: { body: ' ', status: 400, statusCode: 400 }
[2017-01-07 23:24:41.359] [ERROR] http - ::1 - - "POST /api/flow/list HTTP/1.1" 400 43 "" "Mozilla/5.0 (Macintosh; Intel Mac OS X 10_12_1) AppleWebKit/537.36 (KHTML, like Gecko) Chrome/55.0.2883.95 Safari/537.36"
[2017-01-09 13:51:04.433] [ERROR] app - Something went wrong: TypeError: Cannot read property 'split' of undefined
    at /Users/Aedan/work/node.js/AdClickTool/BackEnd-v2/util/index.js:12:47
    at Layer.handle [as handle_request] (/Users/Aedan/work/node.js/AdClickTool/BackEnd-v2/node_modules/express/lib/router/layer.js:95:5)
    at next (/Users/Aedan/work/node.js/AdClickTool/BackEnd-v2/node_modules/express/lib/router/route.js:131:13)
    at next (/Users/Aedan/work/node.js/AdClickTool/BackEnd-v2/node_modules/express/lib/router/route.js:125:14)
    at next (/Users/Aedan/work/node.js/AdClickTool/BackEnd-v2/node_modules/express/lib/router/route.js:125:14)
    at next (/Users/Aedan/work/node.js/AdClickTool/BackEnd-v2/node_modules/express/lib/router/route.js:125:14)
    at next (/Users/Aedan/work/node.js/AdClickTool/BackEnd-v2/node_modules/express/lib/router/route.js:125:14)
    at next (/Users/Aedan/work/node.js/AdClickTool/BackEnd-v2/node_modules/express/lib/router/route.js:125:14)
    at next (/Users/Aedan/work/node.js/AdClickTool/BackEnd-v2/node_modules/express/lib/router/route.js:125:14)
    at next (/Users/Aedan/work/node.js/AdClickTool/BackEnd-v2/node_modules/express/lib/router/route.js:125:14)
[2017-01-09 13:51:04.452] [ERROR] http - ::1 - - "POST /api/offer HTTP/1.1" 500 66 "" "Mozilla/5.0 (Macintosh; Intel Mac OS X 10_12_1) AppleWebKit/537.36 (KHTML, like Gecko) Chrome/55.0.2883.95 Safari/537.36"
[2017-01-09 14:01:05.019] [ERROR] app - Something went wrong: TypeError: Cannot read property 'split' of undefined
    at /Users/Aedan/work/node.js/AdClickTool/BackEnd-v2/util/index.js:12:47
    at Layer.handle [as handle_request] (/Users/Aedan/work/node.js/AdClickTool/BackEnd-v2/node_modules/express/lib/router/layer.js:95:5)
    at next (/Users/Aedan/work/node.js/AdClickTool/BackEnd-v2/node_modules/express/lib/router/route.js:131:13)
    at next (/Users/Aedan/work/node.js/AdClickTool/BackEnd-v2/node_modules/express/lib/router/route.js:125:14)
    at next (/Users/Aedan/work/node.js/AdClickTool/BackEnd-v2/node_modules/express/lib/router/route.js:125:14)
    at next (/Users/Aedan/work/node.js/AdClickTool/BackEnd-v2/node_modules/express/lib/router/route.js:125:14)
    at next (/Users/Aedan/work/node.js/AdClickTool/BackEnd-v2/node_modules/express/lib/router/route.js:125:14)
    at next (/Users/Aedan/work/node.js/AdClickTool/BackEnd-v2/node_modules/express/lib/router/route.js:125:14)
    at next (/Users/Aedan/work/node.js/AdClickTool/BackEnd-v2/node_modules/express/lib/router/route.js:125:14)
    at next (/Users/Aedan/work/node.js/AdClickTool/BackEnd-v2/node_modules/express/lib/router/route.js:125:14)
[2017-01-09 14:01:05.038] [ERROR] http - ::1 - - "POST /api/offer HTTP/1.1" 500 66 "" "Mozilla/5.0 (Macintosh; Intel Mac OS X 10_12_1) AppleWebKit/537.36 (KHTML, like Gecko) Chrome/55.0.2883.95 Safari/537.36"
[2017-01-09 14:04:25.079] [ERROR] app - Something went wrong: Error: need access_token
    at /Users/Aedan/work/node.js/AdClickTool/BackEnd-v2/util/index.js:26:12
    at Layer.handle [as handle_request] (/Users/Aedan/work/node.js/AdClickTool/BackEnd-v2/node_modules/express/lib/router/layer.js:95:5)
    at next (/Users/Aedan/work/node.js/AdClickTool/BackEnd-v2/node_modules/express/lib/router/route.js:131:13)
    at next (/Users/Aedan/work/node.js/AdClickTool/BackEnd-v2/node_modules/express/lib/router/route.js:125:14)
    at next (/Users/Aedan/work/node.js/AdClickTool/BackEnd-v2/node_modules/express/lib/router/route.js:125:14)
    at next (/Users/Aedan/work/node.js/AdClickTool/BackEnd-v2/node_modules/express/lib/router/route.js:125:14)
    at next (/Users/Aedan/work/node.js/AdClickTool/BackEnd-v2/node_modules/express/lib/router/route.js:125:14)
    at next (/Users/Aedan/work/node.js/AdClickTool/BackEnd-v2/node_modules/express/lib/router/route.js:125:14)
    at next (/Users/Aedan/work/node.js/AdClickTool/BackEnd-v2/node_modules/express/lib/router/route.js:125:14)
    at next (/Users/Aedan/work/node.js/AdClickTool/BackEnd-v2/node_modules/express/lib/router/route.js:125:14)
[2017-01-09 14:04:25.100] [ERROR] http - ::1 - - "POST /api/offer HTTP/1.1" 500 42 "" "Mozilla/5.0 (Macintosh; Intel Mac OS X 10_12_1) AppleWebKit/537.36 (KHTML, like Gecko) Chrome/55.0.2883.95 Safari/537.36"
[2017-01-09 14:29:40.723] [ERROR] app - Something went wrong: { isJoi: true,
  name: 'ValidationError',
  details: 
   [ { message: '"id" is required',
       path: 'id',
       type: 'any.required',
       context: [Object] } ],
  _object: 
   { name: 'offer001',
     url: 'htdksds',
     country: 'us',
     postbackUrl: 'dsjdsj',
     payoutMode: 0,
     AffiliateNetworkId: 5,
     deleted: 1,
     userId: 8 } }
[2017-01-09 14:29:40.734] [ERROR] http - ::1 - - "POST /api/offer/1 HTTP/1.1" 500 72 "" "Mozilla/5.0 (Macintosh; Intel Mac OS X 10_12_1) AppleWebKit/537.36 (KHTML, like Gecko) Chrome/55.0.2883.95 Safari/537.36"
[2017-01-09 14:40:21.024] [ERROR] app - Something went wrong: { code: 'ER_BAD_FIELD_ERROR',
  errno: 1054,
  sqlState: '42S22',
  index: 0 }
[2017-01-09 14:40:21.026] [ERROR] http - ::1 - - "GET /api/offer?page=1&limit=2&order=id HTTP/1.1" 500 82 "" "Mozilla/5.0 (Macintosh; Intel Mac OS X 10_12_1) AppleWebKit/537.36 (KHTML, like Gecko) Chrome/55.0.2883.95 Safari/537.36"
[2017-01-09 14:41:28.017] [ERROR] app - Something went wrong: { code: 'ER_BAD_FIELD_ERROR',
  errno: 1054,
  sqlState: '42S22',
  index: 0 }
[2017-01-09 14:41:28.025] [ERROR] http - ::1 - - "GET /api/offer?page=1&limit=2&order=id HTTP/1.1" 500 82 "" "Mozilla/5.0 (Macintosh; Intel Mac OS X 10_12_1) AppleWebKit/537.36 (KHTML, like Gecko) Chrome/55.0.2883.95 Safari/537.36"
[2017-01-09 14:59:03.323] [ERROR] app - Something went wrong: { code: 'ER_PARSE_ERROR',
  errno: 1064,
  sqlState: '42000',
  index: 0 }
[2017-01-09 14:59:03.331] [ERROR] http - ::1 - - "GET /api/offer?page=1&limit=4&order=-id HTTP/1.1" 500 206 "" "Mozilla/5.0 (Macintosh; Intel Mac OS X 10_12_1) AppleWebKit/537.36 (KHTML, like Gecko) Chrome/55.0.2883.95 Safari/537.36"
[2017-01-09 14:59:54.475] [ERROR] app - Something went wrong: { code: 'ER_BAD_FIELD_ERROR',
  errno: 1054,
  sqlState: '42S22',
  index: 0 }
[2017-01-09 14:59:54.479] [ERROR] http - ::1 - - "GET /api/offer?page=1&limit=4&order=id HTTP/1.1" 500 81 "" "Mozilla/5.0 (Macintosh; Intel Mac OS X 10_12_1) AppleWebKit/537.36 (KHTML, like Gecko) Chrome/55.0.2883.95 Safari/537.36"
[2017-01-09 15:04:31.580] [ERROR] app - Something went wrong: Error: need access_token
    at /Users/Aedan/work/node.js/AdClickTool/BackEnd-v2/util/index.js:26:12
    at Layer.handle [as handle_request] (/Users/Aedan/work/node.js/AdClickTool/BackEnd-v2/node_modules/express/lib/router/layer.js:95:5)
    at next (/Users/Aedan/work/node.js/AdClickTool/BackEnd-v2/node_modules/express/lib/router/route.js:131:13)
    at next (/Users/Aedan/work/node.js/AdClickTool/BackEnd-v2/node_modules/express/lib/router/route.js:125:14)
    at next (/Users/Aedan/work/node.js/AdClickTool/BackEnd-v2/node_modules/express/lib/router/route.js:125:14)
    at next (/Users/Aedan/work/node.js/AdClickTool/BackEnd-v2/node_modules/express/lib/router/route.js:125:14)
    at next (/Users/Aedan/work/node.js/AdClickTool/BackEnd-v2/node_modules/express/lib/router/route.js:125:14)
    at next (/Users/Aedan/work/node.js/AdClickTool/BackEnd-v2/node_modules/express/lib/router/route.js:125:14)
    at next (/Users/Aedan/work/node.js/AdClickTool/BackEnd-v2/node_modules/express/lib/router/route.js:125:14)
    at next (/Users/Aedan/work/node.js/AdClickTool/BackEnd-v2/node_modules/express/lib/router/route.js:125:14)
[2017-01-09 15:04:31.590] [ERROR] http - ::1 - - "POST /api/affilate HTTP/1.1" 500 42 "" "Mozilla/5.0 (Macintosh; Intel Mac OS X 10_12_1) AppleWebKit/537.36 (KHTML, like Gecko) Chrome/55.0.2883.95 Safari/537.36"
[2017-01-09 15:06:25.254] [ERROR] app - Something went wrong: { isJoi: true,
  name: 'ValidationError',
  details: 
   [ { message: '"page" is not allowed',
       path: 'page',
       type: 'object.allowUnknown',
       context: [Object] },
     { message: '"limit" is not allowed',
       path: 'limit',
       type: 'object.allowUnknown',
       context: [Object] },
     { message: '"order" is not allowed',
       path: 'order',
       type: 'object.allowUnknown',
       context: [Object] } ],
  _object: { page: '1', limit: '4', order: '-id', userId: 8 } }
[2017-01-09 15:06:25.255] [ERROR] http - ::1 - - "GET /api/affilate?page=1&limit=4&order=-id HTTP/1.1" 500 100 "" "Mozilla/5.0 (Macintosh; Intel Mac OS X 10_12_1) AppleWebKit/537.36 (KHTML, like Gecko) Chrome/55.0.2883.95 Safari/537.36"
[2017-01-09 15:08:15.973] [ERROR] app - Something went wrong: { isJoi: true,
  name: 'ValidationError',
  details: 
   [ { message: '"id" is required',
       path: 'id',
       type: 'any.required',
       context: [Object] } ],
  _object: 
   { name: 'rfdfdd',
     postbackUrl: 'http://dreerferff',
     appendClickId: '1',
     duplicatedPostback: 1,
     ipWhiteList: '127.0.0.6',
     deleted: 1,
     userId: 8 } }
[2017-01-09 15:08:15.975] [ERROR] http - ::1 - - "POST /api/affilate/6 HTTP/1.1" 500 72 "" "Mozilla/5.0 (Macintosh; Intel Mac OS X 10_12_1) AppleWebKit/537.36 (KHTML, like Gecko) Chrome/55.0.2883.95 Safari/537.36"
[2017-01-09 15:08:48.861] [ERROR] app - Something went wrong: { code: 'ER_BAD_FIELD_ERROR',
  errno: 1054,
  sqlState: '42S22',
  index: 0 }
[2017-01-09 15:08:48.869] [ERROR] http - ::1 - - "POST /api/affilate/6 HTTP/1.1" 500 84 "" "Mozilla/5.0 (Macintosh; Intel Mac OS X 10_12_1) AppleWebKit/537.36 (KHTML, like Gecko) Chrome/55.0.2883.95 Safari/537.36"
[2017-01-09 20:26:53.123] [ERROR] app - Something went wrong: { isJoi: true,
  name: 'ValidationError',
  details: 
   [ { message: '"json" is not allowed to be empty',
       path: 'rule.0.json',
       type: 'any.empty',
       context: [Object] } ],
  _object: 
   { flow: { name: 'flow01', country: 'CN', redirectMode: 0 },
     rule: [ [Object] ],
     userId: 8 } }
[2017-01-09 20:26:53.141] [ERROR] http - ::1 - - "POST /api/flow HTTP/1.1" 500 161 "" "Mozilla/5.0 (Macintosh; Intel Mac OS X 10_12_1) AppleWebKit/537.36 (KHTML, like Gecko) Chrome/55.0.2883.95 Safari/537.36"
[2017-01-09 20:27:49.582] [ERROR] app - Something went wrong: { isJoi: true,
  name: 'ValidationError',
  details: 
   [ { message: '"json" is not allowed to be empty',
       path: 'rule.0.json',
       type: 'any.empty',
       context: [Object] } ],
  _object: 
   { flow: { name: 'flow01', country: 'CN', redirectMode: 0 },
     rule: [ [Object] ],
     userId: 8 } }
[2017-01-09 20:27:49.601] [ERROR] http - ::1 - - "POST /api/flow HTTP/1.1" 500 161 "" "Mozilla/5.0 (Macintosh; Intel Mac OS X 10_12_1) AppleWebKit/537.36 (KHTML, like Gecko) Chrome/55.0.2883.95 Safari/537.36"
[2017-01-09 20:32:15.587] [ERROR] app - Something went wrong: { isJoi: true,
  name: 'ValidationError',
  details: 
   [ { message: '"weight" is required',
       path: 'rule.0.path.0.weight',
       type: 'any.required',
       context: [Object] } ],
  _object: 
   { flow: { name: 'flow01', country: 'CN', redirectMode: 0 },
     rule: [ [Object] ],
     userId: 8 } }
[2017-01-09 20:32:15.658] [ERROR] http - ::1 - - "POST /api/flow HTTP/1.1" 500 220 "" "Mozilla/5.0 (Macintosh; Intel Mac OS X 10_12_1) AppleWebKit/537.36 (KHTML, like Gecko) Chrome/55.0.2883.95 Safari/537.36"
[2017-01-09 21:12:52.123] [ERROR] app - Something went wrong: { code: 'ER_BAD_FIELD_ERROR',
  errno: 1054,
  sqlState: '42S22',
  index: 0 }
[2017-01-09 21:12:52.133] [ERROR] http - ::1 - - "POST /api/flow HTTP/1.1" 500 80 "" "Mozilla/5.0 (Macintosh; Intel Mac OS X 10_12_1) AppleWebKit/537.36 (KHTML, like Gecko) Chrome/55.0.2883.95 Safari/537.36"
[2017-01-09 21:14:40.037] [ERROR] app - Something went wrong: { code: 'ER_BAD_FIELD_ERROR',
  errno: 1054,
  sqlState: '42S22',
  index: 0 }
[2017-01-09 21:14:40.039] [ERROR] http - ::1 - - "POST /api/flow HTTP/1.1" 500 80 "" "Mozilla/5.0 (Macintosh; Intel Mac OS X 10_12_1) AppleWebKit/537.36 (KHTML, like Gecko) Chrome/55.0.2883.95 Safari/537.36"
[2017-01-09 21:16:32.062] [ERROR] app - Something went wrong: { code: 'ER_BAD_FIELD_ERROR',
  errno: 1054,
  sqlState: '42S22',
  index: 0 }
[2017-01-09 21:16:32.087] [ERROR] http - ::1 - - "POST /api/flow HTTP/1.1" 500 80 "" "Mozilla/5.0 (Macintosh; Intel Mac OS X 10_12_1) AppleWebKit/537.36 (KHTML, like Gecko) Chrome/55.0.2883.95 Safari/537.36"
[2017-01-09 21:19:43.290] [ERROR] app - Something went wrong: { code: 'ER_BAD_FIELD_ERROR',
  errno: 1054,
  sqlState: '42S22',
  index: 0 }
[2017-01-09 21:19:43.303] [ERROR] http - ::1 - - "POST /api/flow HTTP/1.1" 500 80 "" "Mozilla/5.0 (Macintosh; Intel Mac OS X 10_12_1) AppleWebKit/537.36 (KHTML, like Gecko) Chrome/55.0.2883.95 Safari/537.36"
[2017-01-09 21:24:06.601] [ERROR] app - Something went wrong: { code: 'ER_BAD_FIELD_ERROR',
  errno: 1054,
  sqlState: '42S22',
  index: 0 }
[2017-01-09 21:24:06.611] [ERROR] http - ::1 - - "POST /api/flow HTTP/1.1" 500 80 "" "Mozilla/5.0 (Macintosh; Intel Mac OS X 10_12_1) AppleWebKit/537.36 (KHTML, like Gecko) Chrome/55.0.2883.95 Safari/537.36"
[2017-01-09 21:28:17.084] [ERROR] app - Something went wrong: { code: 'ER_BAD_NULL_ERROR',
  errno: 1048,
  sqlState: '23000',
  index: 0 }
[2017-01-09 21:28:17.091] [ERROR] http - ::1 - - "POST /api/flow HTTP/1.1" 500 74 "" "Mozilla/5.0 (Macintosh; Intel Mac OS X 10_12_1) AppleWebKit/537.36 (KHTML, like Gecko) Chrome/55.0.2883.95 Safari/537.36"
[2017-01-09 21:30:05.178] [ERROR] app - Something went wrong: { code: 'ER_BAD_NULL_ERROR',
  errno: 1048,
  sqlState: '23000',
  index: 0 }
[2017-01-09 21:30:05.187] [ERROR] http - ::1 - - "POST /api/flow HTTP/1.1" 500 74 "" "Mozilla/5.0 (Macintosh; Intel Mac OS X 10_12_1) AppleWebKit/537.36 (KHTML, like Gecko) Chrome/55.0.2883.95 Safari/537.36"
[2017-01-09 21:31:59.442] [ERROR] app - Something went wrong: { code: 'ER_BAD_NULL_ERROR',
  errno: 1048,
  sqlState: '23000',
  index: 0 }
[2017-01-09 21:31:59.455] [ERROR] http - ::1 - - "POST /api/flow HTTP/1.1" 500 74 "" "Mozilla/5.0 (Macintosh; Intel Mac OS X 10_12_1) AppleWebKit/537.36 (KHTML, like Gecko) Chrome/55.0.2883.95 Safari/537.36"
[2017-01-09 21:32:48.611] [ERROR] app - Something went wrong: { code: 'ER_BAD_NULL_ERROR',
  errno: 1048,
  sqlState: '23000',
  index: 0 }
[2017-01-09 21:32:48.618] [ERROR] http - ::1 - - "POST /api/flow HTTP/1.1" 500 74 "" "Mozilla/5.0 (Macintosh; Intel Mac OS X 10_12_1) AppleWebKit/537.36 (KHTML, like Gecko) Chrome/55.0.2883.95 Safari/537.36"
[2017-01-09 21:38:06.737] [ERROR] app - Something went wrong: { code: 'ER_BAD_NULL_ERROR',
  errno: 1048,
  sqlState: '23000',
  index: 0 }
[2017-01-09 21:38:06.747] [ERROR] http - ::1 - - "POST /api/flow HTTP/1.1" 500 74 "" "Mozilla/5.0 (Macintosh; Intel Mac OS X 10_12_1) AppleWebKit/537.36 (KHTML, like Gecko) Chrome/55.0.2883.95 Safari/537.36"
[2017-01-09 21:40:16.445] [ERROR] app - Something went wrong: { code: 'ER_BAD_NULL_ERROR',
  errno: 1048,
  sqlState: '23000',
  index: 0 }
[2017-01-09 21:40:16.455] [ERROR] http - ::1 - - "POST /api/flow HTTP/1.1" 500 74 "" "Mozilla/5.0 (Macintosh; Intel Mac OS X 10_12_1) AppleWebKit/537.36 (KHTML, like Gecko) Chrome/55.0.2883.95 Safari/537.36"
[2017-01-13 19:52:10.017] [ERROR] app - Something went wrong: { status: 404 }
[2017-01-13 19:52:10.030] [ERROR] http - ::1 - - "POST /api/campaign HTTP/1.1" 404 44 "" "Mozilla/5.0 (Macintosh; Intel Mac OS X 10_12_1) AppleWebKit/537.36 (KHTML, like Gecko) Chrome/55.0.2883.95 Safari/537.36"
[2017-01-13 19:53:42.030] [ERROR] app - Something went wrong: { isJoi: true,
  name: 'ValidationError',
  details: 
   [ { message: '"rules" must be an object',
       path: 'flow.rules',
       type: 'object.base',
       context: [Object] } ],
  _object: 
   { name: 'testcapm',
     url: 'hddssds',
     redirectMode: 0,
     impPixelUrl: 'idddsdsds',
     country: 
      { id: 1,
        name: 'Andorra',
        alpha2Code: 'AD',
        alpha3Code: 'AND',
        numCode: 20 },
     costModel: 0,
     cpc: 0.8,
     targetType: 0,
     status: 1,
     trafficSource: { id: 2, name: 'trafficsource' },
     tags: [ 'tagstest', 'hhh' ],
     flow: 
      { type: 1,
        name: 'flowtest',
        country: [Object],
        redirectMode: 0,
        rules: [Object] },
     userId: 8 } }
[2017-01-13 19:53:42.046] [ERROR] http - ::1 - - "POST /api/campaign HTTP/1.1" 500 125 "" "Mozilla/5.0 (Macintosh; Intel Mac OS X 10_12_1) AppleWebKit/537.36 (KHTML, like Gecko) Chrome/55.0.2883.95 Safari/537.36"
[2017-01-13 19:55:54.135] [ERROR] app - Something went wrong: { isJoi: true,
  name: 'ValidationError',
  details: 
   [ { message: '"type" is not allowed',
       path: 'flow.type',
       type: 'object.allowUnknown',
       context: [Object] },
     { message: '"name" is not allowed',
       path: 'flow.name',
       type: 'object.allowUnknown',
       context: [Object] },
     { message: '"country" is not allowed',
       path: 'flow.country',
       type: 'object.allowUnknown',
       context: [Object] },
     { message: '"redirectMode" is not allowed',
       path: 'flow.redirectMode',
       type: 'object.allowUnknown',
       context: [Object] } ],
  _object: 
   { name: 'testcapm',
     url: 'hddssds',
     redirectMode: 0,
     impPixelUrl: 'idddsdsds',
     country: 
      { id: 1,
        name: 'Andorra',
        alpha2Code: 'AD',
        alpha3Code: 'AND',
        numCode: 20 },
     costModel: 0,
     cpc: 0.8,
     targetType: 0,
     status: 1,
     trafficSource: { id: 2, name: 'trafficsource' },
     tags: [ 'tagstest', 'hhh' ],
     flow: 
      { type: 1,
        name: 'flowtest',
        country: [Object],
        redirectMode: 0,
        rules: [Object] },
     userId: 8 } }
[2017-01-13 19:55:54.145] [ERROR] http - ::1 - - "POST /api/campaign HTTP/1.1" 500 175 "" "Mozilla/5.0 (Macintosh; Intel Mac OS X 10_12_1) AppleWebKit/537.36 (KHTML, like Gecko) Chrome/55.0.2883.95 Safari/537.36"
[2017-01-13 20:02:34.112] [ERROR] app - Something went wrong: Error: unknown key(s) country, hash, name, redirectMode, type
    at Object.exports.assert (/Users/Aedan/work/node.js/AdClickTool/BackEnd-v2/node_modules/hoek/lib/index.js:736:11)
    at Object.applyFunctionToChildren (/Users/Aedan/work/node.js/AdClickTool/BackEnd-v2/node_modules/joi/lib/object.js:550:14)
    at Object.optionalKeys (/Users/Aedan/work/node.js/AdClickTool/BackEnd-v2/node_modules/joi/lib/object.js:490:21)
    at /Users/Aedan/work/node.js/AdClickTool/BackEnd-v2/routes/campaign.js:173:12
    at Layer.handle [as handle_request] (/Users/Aedan/work/node.js/AdClickTool/BackEnd-v2/node_modules/express/lib/router/layer.js:95:5)
    at next (/Users/Aedan/work/node.js/AdClickTool/BackEnd-v2/node_modules/express/lib/router/route.js:131:13)
    at Route.dispatch (/Users/Aedan/work/node.js/AdClickTool/BackEnd-v2/node_modules/express/lib/router/route.js:112:3)
    at Layer.handle [as handle_request] (/Users/Aedan/work/node.js/AdClickTool/BackEnd-v2/node_modules/express/lib/router/layer.js:95:5)
    at /Users/Aedan/work/node.js/AdClickTool/BackEnd-v2/node_modules/express/lib/router/index.js:277:22
    at Function.process_params (/Users/Aedan/work/node.js/AdClickTool/BackEnd-v2/node_modules/express/lib/router/index.js:330:12)
[2017-01-13 20:02:34.128] [ERROR] http - ::1 - - "POST /api/campaign HTTP/1.1" 500 89 "" "Mozilla/5.0 (Macintosh; Intel Mac OS X 10_12_1) AppleWebKit/537.36 (KHTML, like Gecko) Chrome/55.0.2883.95 Safari/537.36"
[2017-01-13 20:05:56.795] [ERROR] app - Something went wrong: { code: 'ENOTFOUND',
  errno: 'ENOTFOUND',
  syscall: 'getaddrinfo',
  hostname: 'dev.cmjwzbzhppgn.us-west-1.rds.amazonaws.com',
  host: 'dev.cmjwzbzhppgn.us-west-1.rds.amazonaws.com',
  port: 3306,
  fatal: true,
  status: 303 }
[2017-01-13 20:06:22.061] [ERROR] app - Something went wrong: { code: 'ENOTFOUND',
  errno: 'ENOTFOUND',
  syscall: 'getaddrinfo',
  hostname: 'dev.cmjwzbzhppgn.us-west-1.rds.amazonaws.com',
  host: 'dev.cmjwzbzhppgn.us-west-1.rds.amazonaws.com',
  port: 3306,
  fatal: true,
  status: 303 }
[2017-01-13 20:17:44.935] [ERROR] app - Something went wrong: { code: 'ER_PARSE_ERROR',
  errno: 1064,
  sqlState: '42000',
  index: 0 }
[2017-01-13 20:17:44.944] [ERROR] http - ::1 - - "POST /api/campaign HTTP/1.1" 500 203 "" "Mozilla/5.0 (Macintosh; Intel Mac OS X 10_12_1) AppleWebKit/537.36 (KHTML, like Gecko) Chrome/55.0.2883.95 Safari/537.36"
[2017-01-13 20:20:50.289] [ERROR] app - Something went wrong: { code: 'ER_PARSE_ERROR',
  errno: 1064,
  sqlState: '42000',
  index: 0 }
[2017-01-13 20:20:50.299] [ERROR] http - ::1 - - "POST /api/campaign HTTP/1.1" 500 203 "" "Mozilla/5.0 (Macintosh; Intel Mac OS X 10_12_1) AppleWebKit/537.36 (KHTML, like Gecko) Chrome/55.0.2883.95 Safari/537.36"
[2017-01-13 20:23:27.992] [ERROR] app - Something went wrong: { code: 'ER_PARSE_ERROR',
  errno: 1064,
  sqlState: '42000',
  index: 0 }
[2017-01-13 20:23:28.004] [ERROR] http - ::1 - - "POST /api/campaign HTTP/1.1" 500 261 "" "Mozilla/5.0 (Macintosh; Intel Mac OS X 10_12_1) AppleWebKit/537.36 (KHTML, like Gecko) Chrome/55.0.2883.95 Safari/537.36"
[2017-01-13 20:27:20.896] [ERROR] app - Something went wrong: { code: 'ER_PARSE_ERROR',
  errno: 1064,
  sqlState: '42000',
  index: 0 }
[2017-01-13 20:27:20.906] [ERROR] http - ::1 - - "POST /api/campaign HTTP/1.1" 500 262 "" "Mozilla/5.0 (Macintosh; Intel Mac OS X 10_12_1) AppleWebKit/537.36 (KHTML, like Gecko) Chrome/55.0.2883.95 Safari/537.36"
[2017-01-13 20:30:08.235] [ERROR] app - Something went wrong: { code: 'ER_PARSE_ERROR',
  errno: 1064,
  sqlState: '42000',
  index: 0 }
[2017-01-13 20:30:08.246] [ERROR] http - ::1 - - "POST /api/campaign HTTP/1.1" 500 203 "" "Mozilla/5.0 (Macintosh; Intel Mac OS X 10_12_1) AppleWebKit/537.36 (KHTML, like Gecko) Chrome/55.0.2883.95 Safari/537.36"
[2017-01-13 20:30:33.426] [ERROR] app - Something went wrong: { code: 'ER_PARSE_ERROR',
  errno: 1064,
  sqlState: '42000',
  index: 0 }
[2017-01-13 20:30:33.433] [ERROR] http - ::1 - - "POST /api/campaign HTTP/1.1" 500 203 "" "Mozilla/5.0 (Macintosh; Intel Mac OS X 10_12_1) AppleWebKit/537.36 (KHTML, like Gecko) Chrome/55.0.2883.95 Safari/537.36"
[2017-01-13 20:31:13.322] [ERROR] app - Something went wrong: { code: 'ER_PARSE_ERROR',
  errno: 1064,
  sqlState: '42000',
  index: 0 }
[2017-01-13 20:31:13.330] [ERROR] http - ::1 - - "POST /api/campaign HTTP/1.1" 500 203 "" "Mozilla/5.0 (Macintosh; Intel Mac OS X 10_12_1) AppleWebKit/537.36 (KHTML, like Gecko) Chrome/55.0.2883.95 Safari/537.36"
[2017-01-13 20:32:51.505] [ERROR] app - Something went wrong: { code: 'ER_PARSE_ERROR',
  errno: 1064,
  sqlState: '42000',
  index: 0 }
[2017-01-13 20:32:51.512] [ERROR] http - ::1 - - "POST /api/campaign HTTP/1.1" 500 203 "" "Mozilla/5.0 (Macintosh; Intel Mac OS X 10_12_1) AppleWebKit/537.36 (KHTML, like Gecko) Chrome/55.0.2883.95 Safari/537.36"
[2017-01-13 20:33:22.978] [ERROR] app - Something went wrong: { code: 'ER_ILLEGAL_VALUE_FOR_TYPE',
  errno: 1367,
  sqlState: '22007',
  index: 0 }
[2017-01-13 20:33:22.987] [ERROR] http - ::1 - - "POST /api/campaign HTTP/1.1" 500 114 "" "Mozilla/5.0 (Macintosh; Intel Mac OS X 10_12_1) AppleWebKit/537.36 (KHTML, like Gecko) Chrome/55.0.2883.95 Safari/537.36"
[2017-01-13 20:34:51.108] [ERROR] app - Something went wrong: { code: 'ER_PARSE_ERROR',
  errno: 1064,
  sqlState: '42000',
  index: 0 }
[2017-01-13 20:34:51.116] [ERROR] http - ::1 - - "POST /api/campaign HTTP/1.1" 500 274 "" "Mozilla/5.0 (Macintosh; Intel Mac OS X 10_12_1) AppleWebKit/537.36 (KHTML, like Gecko) Chrome/55.0.2883.95 Safari/537.36"
[2017-01-13 20:39:28.621] [ERROR] app - Something went wrong: { code: 'ER_PARSE_ERROR',
  errno: 1064,
  sqlState: '42000',
  index: 0 }
[2017-01-13 20:39:28.631] [ERROR] http - ::1 - - "POST /api/campaign HTTP/1.1" 500 207 "" "Mozilla/5.0 (Macintosh; Intel Mac OS X 10_12_1) AppleWebKit/537.36 (KHTML, like Gecko) Chrome/55.0.2883.95 Safari/537.36"
[2017-01-13 20:43:19.190] [ERROR] app - Something went wrong: { code: 'ER_PARSE_ERROR',
  errno: 1064,
  sqlState: '42000',
  index: 0 }
[2017-01-13 20:43:19.198] [ERROR] http - ::1 - - "POST /api/campaign HTTP/1.1" 500 207 "" "Mozilla/5.0 (Macintosh; Intel Mac OS X 10_12_1) AppleWebKit/537.36 (KHTML, like Gecko) Chrome/55.0.2883.95 Safari/537.36"
[2017-01-13 20:44:19.920] [ERROR] app - Something went wrong: { code: 'ER_PARSE_ERROR',
  errno: 1064,
  sqlState: '42000',
  index: 0 }
[2017-01-13 20:44:19.931] [ERROR] http - ::1 - - "POST /api/campaign HTTP/1.1" 500 205 "" "Mozilla/5.0 (Macintosh; Intel Mac OS X 10_12_1) AppleWebKit/537.36 (KHTML, like Gecko) Chrome/55.0.2883.95 Safari/537.36"
[2017-01-13 20:52:34.335] [ERROR] app - Something went wrong: { code: 'ER_PARSE_ERROR',
  errno: 1064,
  sqlState: '42000',
  index: 0 }
[2017-01-13 20:52:34.343] [ERROR] http - ::1 - - "POST /api/campaign HTTP/1.1" 500 205 "" "Mozilla/5.0 (Macintosh; Intel Mac OS X 10_12_1) AppleWebKit/537.36 (KHTML, like Gecko) Chrome/55.0.2883.95 Safari/537.36"
[2017-01-13 20:54:53.309] [ERROR] app - Something went wrong: { code: 'ER_PARSE_ERROR',
  errno: 1064,
  sqlState: '42000',
  index: 0 }
[2017-01-13 20:54:53.318] [ERROR] http - ::1 - - "POST /api/campaign HTTP/1.1" 500 205 "" "Mozilla/5.0 (Macintosh; Intel Mac OS X 10_12_1) AppleWebKit/537.36 (KHTML, like Gecko) Chrome/55.0.2883.95 Safari/537.36"
[2017-01-13 20:57:09.907] [ERROR] app - Something went wrong: { code: 'ER_PARSE_ERROR',
  errno: 1064,
  sqlState: '42000',
  index: 0 }
[2017-01-13 20:57:09.915] [ERROR] http - ::1 - - "POST /api/campaign HTTP/1.1" 500 205 "" "Mozilla/5.0 (Macintosh; Intel Mac OS X 10_12_1) AppleWebKit/537.36 (KHTML, like Gecko) Chrome/55.0.2883.95 Safari/537.36"
[2017-01-13 20:58:58.400] [ERROR] app - Something went wrong: { code: 'ER_BAD_FIELD_ERROR',
  errno: 1054,
  sqlState: '42S22',
  index: 0 }
[2017-01-13 20:58:58.408] [ERROR] http - ::1 - - "POST /api/campaign HTTP/1.1" 500 96 "" "Mozilla/5.0 (Macintosh; Intel Mac OS X 10_12_1) AppleWebKit/537.36 (KHTML, like Gecko) Chrome/55.0.2883.95 Safari/537.36"
[2017-01-13 22:54:35.931] [ERROR] app - Something went wrong: { code: 'ER_BAD_FIELD_ERROR',
  errno: 1054,
  sqlState: '42S22',
  index: 0 }
[2017-01-13 22:54:35.942] [ERROR] http - ::1 - - "POST /api/campaign HTTP/1.1" 500 89 "" "Mozilla/5.0 (Macintosh; Intel Mac OS X 10_12_1) AppleWebKit/537.36 (KHTML, like Gecko) Chrome/55.0.2883.95 Safari/537.36"
[2017-01-13 22:57:58.373] [ERROR] app - Something went wrong: { code: 'ER_BAD_FIELD_ERROR',
  errno: 1054,
  sqlState: '42S22',
  index: 0 }
[2017-01-13 22:57:58.380] [ERROR] http - ::1 - - "POST /api/campaign HTTP/1.1" 500 96 "" "Mozilla/5.0 (Macintosh; Intel Mac OS X 10_12_1) AppleWebKit/537.36 (KHTML, like Gecko) Chrome/55.0.2883.95 Safari/537.36"
[2017-01-13 23:00:05.982] [ERROR] app - Something went wrong: { code: 'ER_BAD_FIELD_ERROR',
  errno: 1054,
  sqlState: '42S22',
  index: 0 }
[2017-01-13 23:00:05.989] [ERROR] http - ::1 - - "POST /api/campaign HTTP/1.1" 500 91 "" "Mozilla/5.0 (Macintosh; Intel Mac OS X 10_12_1) AppleWebKit/537.36 (KHTML, like Gecko) Chrome/55.0.2883.95 Safari/537.36"
[2017-01-13 23:02:19.136] [ERROR] app - Something went wrong: Error: Flow ID Lost
    at /Users/Aedan/work/node.js/AdClickTool/BackEnd-v2/routes/campaign.js:279:37
    at /Users/Aedan/work/node.js/AdClickTool/BackEnd-v2/node_modules/async/dist/async.js:3694:9
    at /Users/Aedan/work/node.js/AdClickTool/BackEnd-v2/node_modules/async/dist/async.js:356:16
    at iterateeCallback (/Users/Aedan/work/node.js/AdClickTool/BackEnd-v2/node_modules/async/dist/async.js:865:24)
    at /Users/Aedan/work/node.js/AdClickTool/BackEnd-v2/node_modules/async/dist/async.js:840:16
    at Query.<anonymous> (/Users/Aedan/work/node.js/AdClickTool/BackEnd-v2/node_modules/async/dist/async.js:3691:13)
    at apply (/Users/Aedan/work/node.js/AdClickTool/BackEnd-v2/node_modules/async/dist/async.js:21:25)
    at Query._callback (/Users/Aedan/work/node.js/AdClickTool/BackEnd-v2/node_modules/async/dist/async.js:56:12)
    at Query.Sequence.end (/Users/Aedan/work/node.js/AdClickTool/BackEnd-v2/node_modules/mysql/lib/protocol/sequences/Sequence.js:86:24)
    at Query._handleFinalResultPacket (/Users/Aedan/work/node.js/AdClickTool/BackEnd-v2/node_modules/mysql/lib/protocol/sequences/Query.js:144:8)
[2017-01-13 23:02:19.145] [ERROR] http - ::1 - - "POST /api/campaign HTTP/1.1" 500 47 "" "Mozilla/5.0 (Macintosh; Intel Mac OS X 10_12_1) AppleWebKit/537.36 (KHTML, like Gecko) Chrome/55.0.2883.95 Safari/537.36"
[2017-01-13 23:05:32.376] [ERROR] app - Something went wrong: Error: Flow ID Lost
    at /Users/Aedan/work/node.js/AdClickTool/BackEnd-v2/routes/campaign.js:280:37
    at /Users/Aedan/work/node.js/AdClickTool/BackEnd-v2/node_modules/async/dist/async.js:3694:9
    at /Users/Aedan/work/node.js/AdClickTool/BackEnd-v2/node_modules/async/dist/async.js:356:16
    at iterateeCallback (/Users/Aedan/work/node.js/AdClickTool/BackEnd-v2/node_modules/async/dist/async.js:865:24)
    at /Users/Aedan/work/node.js/AdClickTool/BackEnd-v2/node_modules/async/dist/async.js:840:16
    at Query.<anonymous> (/Users/Aedan/work/node.js/AdClickTool/BackEnd-v2/node_modules/async/dist/async.js:3691:13)
    at apply (/Users/Aedan/work/node.js/AdClickTool/BackEnd-v2/node_modules/async/dist/async.js:21:25)
    at Query._callback (/Users/Aedan/work/node.js/AdClickTool/BackEnd-v2/node_modules/async/dist/async.js:56:12)
    at Query.Sequence.end (/Users/Aedan/work/node.js/AdClickTool/BackEnd-v2/node_modules/mysql/lib/protocol/sequences/Sequence.js:86:24)
    at Query._handleFinalResultPacket (/Users/Aedan/work/node.js/AdClickTool/BackEnd-v2/node_modules/mysql/lib/protocol/sequences/Query.js:144:8)
[2017-01-13 23:05:32.385] [ERROR] http - ::1 - - "POST /api/campaign HTTP/1.1" 500 47 "" "Mozilla/5.0 (Macintosh; Intel Mac OS X 10_12_1) AppleWebKit/537.36 (KHTML, like Gecko) Chrome/55.0.2883.95 Safari/537.36"
[2017-01-14 00:24:19.799] [ERROR] app - Something went wrong: { code: 'ER_BAD_NULL_ERROR',
  errno: 1048,
  sqlState: '23000',
  index: 0 }
[2017-01-14 00:24:19.808] [ERROR] http - ::1 - - "POST /api/campaign HTTP/1.1" 500 82 "" "Mozilla/5.0 (Macintosh; Intel Mac OS X 10_12_1) AppleWebKit/537.36 (KHTML, like Gecko) Chrome/55.0.2883.95 Safari/537.36"
[2017-01-14 00:27:08.169] [ERROR] app - Something went wrong: { code: 'ER_WRONG_VALUE_COUNT_ON_ROW',
  errno: 1136,
  sqlState: '21S01',
  index: 0 }
[2017-01-14 00:27:08.179] [ERROR] http - ::1 - - "POST /api/campaign HTTP/1.1" 500 111 "" "Mozilla/5.0 (Macintosh; Intel Mac OS X 10_12_1) AppleWebKit/537.36 (KHTML, like Gecko) Chrome/55.0.2883.95 Safari/537.36"
[2017-01-14 00:28:08.043] [ERROR] app - Something went wrong: { code: 'ER_PARSE_ERROR',
  errno: 1064,
  sqlState: '42000',
  index: 0 }
[2017-01-14 00:28:08.051] [ERROR] http - ::1 - - "POST /api/campaign HTTP/1.1" 500 199 "" "Mozilla/5.0 (Macintosh; Intel Mac OS X 10_12_1) AppleWebKit/537.36 (KHTML, like Gecko) Chrome/55.0.2883.95 Safari/537.36"
[2017-01-14 01:05:32.121] [ERROR] app - Something went wrong: { code: 'ER_PARSE_ERROR',
  errno: 1064,
  sqlState: '42000',
  index: 0 }
[2017-01-14 01:05:32.130] [ERROR] http - ::1 - - "POST /api/campaign HTTP/1.1" 500 201 "" "Mozilla/5.0 (Macintosh; Intel Mac OS X 10_12_1) AppleWebKit/537.36 (KHTML, like Gecko) Chrome/55.0.2883.95 Safari/537.36"
[2017-01-14 01:09:40.858] [ERROR] app - Something went wrong: { code: 'ER_BAD_FIELD_ERROR',
  errno: 1054,
  sqlState: '42S22',
  index: 0 }
[2017-01-14 01:09:40.866] [ERROR] http - ::1 - - "POST /api/campaign HTTP/1.1" 500 102 "" "Mozilla/5.0 (Macintosh; Intel Mac OS X 10_12_1) AppleWebKit/537.36 (KHTML, like Gecko) Chrome/55.0.2883.95 Safari/537.36"
[2017-01-14 01:10:45.186] [ERROR] app - Something went wrong: { code: 'ER_BAD_FIELD_ERROR',
  errno: 1054,
  sqlState: '42S22',
  index: 0 }
[2017-01-14 01:10:45.194] [ERROR] http - ::1 - - "POST /api/campaign HTTP/1.1" 500 102 "" "Mozilla/5.0 (Macintosh; Intel Mac OS X 10_12_1) AppleWebKit/537.36 (KHTML, like Gecko) Chrome/55.0.2883.95 Safari/537.36"
[2017-01-14 01:14:16.592] [ERROR] app - Something went wrong: { code: 'ER_BAD_NULL_ERROR',
  errno: 1048,
  sqlState: '23000',
  index: 0 }
[2017-01-14 01:14:16.601] [ERROR] http - ::1 - - "POST /api/campaign HTTP/1.1" 500 84 "" "Mozilla/5.0 (Macintosh; Intel Mac OS X 10_12_1) AppleWebKit/537.36 (KHTML, like Gecko) Chrome/55.0.2883.95 Safari/537.36"
